c:\users\fdeso\desktop\lab 7a\lab 7a\x64\debug\vc143.pdb
c:\users\fdeso\desktop\lab 7a\lab 7a\x64\debug\vc143.idb
c:\users\fdeso\desktop\lab 7a\lab 7a\x64\debug\textcodec.obj
c:\users\fdeso\desktop\lab 7a\lab 7a\x64\debug\test.obj
c:\users\fdeso\desktop\lab 7a\lab 7a\x64\debug\submission.obj
c:\users\fdeso\desktop\lab 7a\lab 7a\x64\debug\shape.obj
c:\users\fdeso\desktop\lab 7a\lab 7a\x64\debug\lab 7a.obj
c:\users\fdeso\desktop\lab 7a\lab 7a\x64\debug\book.obj
c:\users\fdeso\desktop\lab 7a\lab 7a\x64\debug\lab 7a.ilk
c:\users\fdeso\desktop\lab 7a\x64\debug\lab 7a.exe
c:\users\fdeso\desktop\lab 7a\x64\debug\lab 7a.pdb
c:\users\fdeso\desktop\lab 7a\lab 7a\x64\debug\lab 7a.res
c:\users\fdeso\desktop\lab 7a\lab 7a\x64\debug\lab 7a.tlog\cl.command.1.tlog
c:\users\fdeso\desktop\lab 7a\lab 7a\x64\debug\lab 7a.tlog\cl.items.tlog
c:\users\fdeso\desktop\lab 7a\lab 7a\x64\debug\lab 7a.tlog\cl.read.1.tlog
c:\users\fdeso\desktop\lab 7a\lab 7a\x64\debug\lab 7a.tlog\cl.write.1.tlog
c:\users\fdeso\desktop\lab 7a\lab 7a\x64\debug\lab 7a.tlog\link.command.1.tlog
c:\users\fdeso\desktop\lab 7a\lab 7a\x64\debug\lab 7a.tlog\link.read.1.tlog
c:\users\fdeso\desktop\lab 7a\lab 7a\x64\debug\lab 7a.tlog\link.write.1.tlog
c:\users\fdeso\desktop\lab 7a\lab 7a\x64\debug\lab 7a.tlog\rc.command.1.tlog
c:\users\fdeso\desktop\lab 7a\lab 7a\x64\debug\lab 7a.tlog\rc.read.1.tlog
c:\users\fdeso\desktop\lab 7a\lab 7a\x64\debug\lab 7a.tlog\rc.write.1.tlog
